1766284530587	geckodriver	INFO	Listening on 127.0.0.1:51961
1766284533635	mozrunner::runner	INFO	Running command: "C:\\Program Files\\Mozilla Firefox\\firefox.exe" "--marionette" "--remote-debugging-port" "51962" "--remote-allow-hosts" "localhost" "-no-remote" "-profile" "C:\\Users\\rosan\\AppData\\Local\\Temp\\rust_mozprofilewwpSEw"
console.warn: services.settings: Ignoring preference override of remote settings server
console.warn: services.settings: Allow by setting MOZ_REMOTE_SETTINGS_DEVTOOLS=1 in the environment
Dynamically enable window occlusion 0
1766284534286	Marionette	INFO	Marionette enabled
1766284534454	Marionette	INFO	Listening on port 51971
Read port: 51971
WebDriver BiDi listening on ws://127.0.0.1:51962
1766284534661	RemoteAgent	WARN	TLS certificate errors will be ignored for this session
JavaScript error: https://cdn.cookielaw.org/opt-out/otCCPAiab.js, line 484: ReferenceError: OnetrustActiveGroups is not defined
JavaScript error: https://cdn.investing.com/x/941ca7a/_next/static/chunks/framework-f8d751c8da87b5be.js, line 1: Error: Minified React error #418; visit https://react.dev/errors/418?args[]= for the full message or use the non-minified dev environment for full errors and additional helpful warnings.
Missing chrome or resource URL: chrome://browser/skin/aboutSessionRestore-window-icon.png
Missing chrome or resource URL: chrome://browser/skin/abyss/img/waterfox-abyss-preview.svg
1766284660797	Marionette	WARN	Ignoring event 'pageshow' because document has an invalid readyState of 'uninitialized'.
JavaScript warning: https://pagead2.googlesyndication.com/bg/gW9JijOijmRN7g87-zmcFVShfY-B1z2sY44oQlkVeuM.js, line 1470: unreachable code after return statement
JavaScript warning: https://pagead2.googlesyndication.com/bg/gW9JijOijmRN7g87-zmcFVShfY-B1z2sY44oQlkVeuM.js, line 1470: unreachable code after return statement
JavaScript warning: https://pagead2.googlesyndication.com/bg/gW9JijOijmRN7g87-zmcFVShfY-B1z2sY44oQlkVeuM.js, line 1470: unreachable code after return statement
JavaScript warning: https://pagead2.googlesyndication.com/bg/gW9JijOijmRN7g87-zmcFVShfY-B1z2sY44oQlkVeuM.js, line 1470: unreachable code after return statement
JavaScript warning: https://pagead2.googlesyndication.com/bg/gW9JijOijmRN7g87-zmcFVShfY-B1z2sY44oQlkVeuM.js, line 1470: unreachable code after return statement
JavaScript warning: https://pagead2.googlesyndication.com/bg/gW9JijOijmRN7g87-zmcFVShfY-B1z2sY44oQlkVeuM.js, line 1470: unreachable code after return statement
JavaScript warning: https://pagead2.googlesyndication.com/bg/gW9JijOijmRN7g87-zmcFVShfY-B1z2sY44oQlkVeuM.js line 2 > eval, line 1470: unreachable code after return statement
JavaScript warning: https://pagead2.googlesyndication.com/bg/gW9JijOijmRN7g87-zmcFVShfY-B1z2sY44oQlkVeuM.js line 2 > eval, line 1470: unreachable code after return statement
JavaScript warning: https://pagead2.googlesyndication.com/bg/gW9JijOijmRN7g87-zmcFVShfY-B1z2sY44oQlkVeuM.js line 2 > eval, line 1470: unreachable code after return statement
JavaScript warning: https://pagead2.googlesyndication.com/bg/gW9JijOijmRN7g87-zmcFVShfY-B1z2sY44oQlkVeuM.js line 2 > eval, line 1: unreachable code after return statement
JavaScript warning: https://pagead2.googlesyndication.com/bg/gW9JijOijmRN7g87-zmcFVShfY-B1z2sY44oQlkVeuM.js line 2 > eval line 1470 > eval, line 1: unreachable code after return statement
JavaScript warning: https://pagead2.googlesyndication.com/bg/gW9JijOijmRN7g87-zmcFVShfY-B1z2sY44oQlkVeuM.js line 2 > eval, line 1: unreachable code after return statement
JavaScript warning: https://pagead2.googlesyndication.com/bg/gW9JijOijmRN7g87-zmcFVShfY-B1z2sY44oQlkVeuM.js line 2 > eval line 1470 > eval, line 1: unreachable code after return statement
JavaScript warning: https://pagead2.googlesyndication.com/bg/gW9JijOijmRN7g87-zmcFVShfY-B1z2sY44oQlkVeuM.js line 2 > eval, line 1470: unreachable code after return statement
JavaScript warning: https://pagead2.googlesyndication.com/bg/gW9JijOijmRN7g87-zmcFVShfY-B1z2sY44oQlkVeuM.js line 2 > eval, line 1470: unreachable code after return statement
JavaScript warning: https://pagead2.googlesyndication.com/bg/gW9JijOijmRN7g87-zmcFVShfY-B1z2sY44oQlkVeuM.js line 2 > eval line 1470 > eval line 1 > eval, line 1: unreachable code after return statement
JavaScript warning: https://pagead2.googlesyndication.com/bg/gW9JijOijmRN7g87-zmcFVShfY-B1z2sY44oQlkVeuM.js line 2 > eval line 1470 > eval line 1 > eval, line 1: unreachable code after return statement
JavaScript warning: https://pagead2.googlesyndication.com/bg/gW9JijOijmRN7g87-zmcFVShfY-B1z2sY44oQlkVeuM.js line 2 > eval line 1470 > eval line 1 > eval line 1 > eval, line 1: unreachable code after return statement
JavaScript warning: https://pagead2.googlesyndication.com/bg/gW9JijOijmRN7g87-zmcFVShfY-B1z2sY44oQlkVeuM.js line 2 > eval line 1470 > eval line 1 > eval line 1 > eval, line 1: unreachable code after return statement
1766284665510	Marionette	WARN	Ignoring event 'pageshow' because document has an invalid readyState of 'uninitialized'.
1766284665568	Marionette	WARN	Ignoring event 'pageshow' because document has an invalid readyState of 'uninitialized'.
1766284666088	Marionette	WARN	Ignoring event 'pageshow' because document has an invalid readyState of 'uninitialized'.
1766284667613	Marionette	WARN	Ignoring event 'pageshow' because document has an invalid readyState of 'uninitialized'.
1766284676403	Marionette	WARN	Ignoring event 'pageshow' because document has an invalid readyState of 'uninitialized'.
1766284687122	Marionette	WARN	Ignoring event 'pageshow' because document has an invalid readyState of 'uninitialized'.
JavaScript error: , line 0: uncaught exception: undefined
JavaScript error: https://imasdk.googleapis.com/js/core/bridge3.735.0_en.html#deid=%22%22&eventfe_experiment_ids=%5B%5D&fid=%22goog_1176208563%22&genotype_experiment_data=%7B%22experimentStateProto%22%3A%22%5B%5B%5B45713128%2Cnull%2Cnull%2C%5B%5D%5D%2C%5Bnull%2C749060184%2Cnull%2C%5Bnull%2C100%5D%5D%2C%5B45722344%2Cnull%2Cnull%2C%5B%5D%5D%2C%5B45706017%2Cnull%2Cnull%2C%5B%5D%5D%2C%5B45740207%2Cnull%2Cnull%2C%5B%5D%5D%2C%5B45668885%2Cnull%2Cnull%2C%5B%5D%5D%2C%5B45685340%2Cnull%2Cnull%2C%5B%5D%5D%2C%5B45734716%2Cnull%2Cnull%2C%5B%5D%5D%2C%5B45735891%2Cnull%2Cnull%2C%5B%5D%5D%2C%5B45663239%2Cnull%2Cnull%2C%5B%5D%5D%2C%5B45715032%2Cnull%2Cnull%2C%5B1%5D%5D%2C%5B45661356%2Cnull%2Cnull%2C%5B%5D%5D%2C%5B45676441%2Cnull%2Cnull%2C%5B%5D%5D%2C%5B45675307%2Cnull%2Cnull%2C%5B1%5D%5D%2C%5B45675308%2Cnull%2Cnull%2C%5B1%5D%5D%2C%5Bnull%2C45645574%2Cnull%2C%5B%5D%5D%2C%5B45688859%2Cnull%2Cnull%2C%5B%5D%5D%2C%5B45656766%2Cnull%2Cnull%2C%5B%5D%5D%2C%5B45710689%2Cnull%2Cnull%2C%5B%5D%5D%2C%5B45710688%2Cnull%2Cnull%2C%5B1%5D%5D%2C%5B45685601%2Cnull%2Cnull%2C%5B%5D%5D%2C%5Bnull%2C45685602%2Cnull%2C%5Bnull%2C500%5D%5D%2C%5B45747172%2Cnull%2Cnull%2C%5B%5D%5D%2C%5B775241416%2Cnull%2Cnull%2C%5B%5D%5D%2C%5B781107959%2Cnull%2Cnull%2C%5B%5D%5D%2C%5B781107958%2Cnull%2Cnull%2C%5B%5D%5D%2C%5B792614055%2Cnull%2Cnull%2C%5B%5D%5D%2C%5B781107957%2Cnull%2Cnull%2C%5B%5D%5D%2C%5B45729602%2Cnull%2Cnull%2C%5B%5D%5D%2C%5B45658982%2Cnull%2Cnull%2C%5B%5D%5D%2C%5B45725657%2Cnull%2Cnull%2C%5B%5D%5D%5D%2C%5B%5B16%2C%5B%5B1%2C%5B%5B31089630%5D%2C%5B31089631%2C%5B%5B45668885%2Cnull%2Cnull%2C%5B1%5D%5D%5D%5D%5D%5D%2C%5B1000%2C%5B%5B95332046%5D%5D%5D%2C%5Bnull%2C%5B%5B95332047%5D%5D%5D%2C%5B10%2C%5B%5B95333808%5D%2C%5B95333809%2C%5B%5B635466687%2Cnull%2Cnull%2C%5B1%5D%5D%5D%5D%5D%5D%2C%5B10%2C%5B%5B95338769%2C%5B%5Bnull%2C45645574%2Cnull%2C%5Bnull%2C1%5D%5D%5D%5D%2C%5B95338770%2C%5B%5Bnull%2C45645574%2Cnull%2C%5Bnull%2C2%5D%5D%5D%5D%5D%5D%2C%5B10%2C%5B%5B95345206%5D%2C%5B95345207%2C%5B%5B45661356%2Cnull%2Cnull%2C%5B1%5D%5D%5D%5D%5D%5D%2C%5Bnull%2C%5B%5B95351425%5D%2C%5B95351426%2C%5B%5B45676441%2Cnull%2Cnull%2C%5B1%5D%5D%5D%5D%5D%5D%2C%5B10%2C%5B%5B95356068%5D%2C%5B95356069%2C%5B%5B45685601%2Cnull%2Cnull%2C%5B%5D%5D%2C%5Bnull%2C45685602%2Cnull%2C%5B%5D%5D%5D%5D%2C%5B95356070%2C%5B%5B45685601%2Cnull%2Cnull%2C%5B1%5D%5D%2C%5Bnull%2C45685602%2Cnull%2C%5B%5D%5D%5D%5D%2C%5B95356071%2C%5B%5B45685601%2Cnull%2Cnull%2C%5B1%5D%5D%2C%5Bnull%2C45685602%2Cnull%2C%5Bnull%2C100%5D%5D%5D%5D%5D%5D%2C%5B10%2C%5B%5B95372277%5D%2C%5B95372278%2C%5B%5Bnull%2C745150931%2Cnull%2C%5Bnull%2C1%5D%5D%5D%5D%5D%5D%2C%5B1%2C%5B%5B95373378%2C%5B%5B792614055%2Cnull%2Cnull%2C%5B1%5D%5D%5D%5D%2C%5B95373379%2C%5B%5B45747172%2Cnull%2Cnull%2C%5B1%5D%5D%2C%5B781107959%2Cnull%2Cnull%2C%5B1%5D%5D%2C%5B792614055%2Cnull%2Cnull%2C%5B1%5D%5D%2C%5B781107957%2Cnull%2Cnull%2C%5B1%5D%5D%5D%5D%5D%5D%2C%5B50%2C%5B%5B95375505%5D%2C%5B95375506%2C%5B%5Bnull%2C749060184%2Cnull%2C%5B%5D%5D%5D%5D%5D%5D%2C%5Bnull%2C%5B%5B95375930%5D%2C%5B95375931%2C%5B%5B45734716%2Cnull%2Cnull%2C%5B1%5D%5D%5D%5D%2C%5B95376520%2C%5B%5B45734716%2Cnull%2Cnull%2C%5B1%5D%5D%2C%5B45735891%2Cnull%2Cnull%2C%5B1%5D%5D%5D%5D%5D%5D%2C%5Bnull%2C%5B%5B95378095%5D%2C%5B95378096%2C%5B%5B45740207%2Cnull%2Cnull%2C%5B1%5D%5D%5D%5D%5D%5D%2C%5B1%2C%5B%5B95378629%5D%2C%5B95378630%2C%5B%5B45729602%2Cnull%2Cnull%2C%5B1%5D%5D%5D%5D%5D%5D%5D%5D%5D%2Cnull%2Cnull%2C%5Bnull%2C1000%2C1%2C1000%5D%5D%22%7D&imalib_experiments=%5B95322027%2C95328714%2C95331589%2C95332046%5D&is_eap_loader=false&managed_js_experiment_id=0&page_correlator=4335782195849399&pvsid=2707280071897209&top_accessible_page_url=%22https%3A%2F%2Fbr.investing.com%2Findices%2Fbovespa-historical-data%22, line 1217: SyntaxError: JSON.parse: unexpected character at line 1 column 1 of the JSON data
JavaScript warning: https://promos.investing.com/eu-w37htfhcq2/vendor/9a63d23b-49c1-4335-b698-e7f3ab10af6c/lightbox_builder.js?cb=D05F423DACA2B99AC17B7A6EDE1A093D line 1 > eval, line 5: Script terminated by timeout at:
updateTimer@https://promos.investing.com/eu-w37htfhcq2/vendor/9a63d23b-49c1-4335-b698-e7f3ab10af6c/lightbox_builder.js?cb=D05F423DACA2B99AC17B7A6EDE1A093D line 1 > eval:5:25

1766289977152	Marionette	INFO	Stopped listening on port 51971
Dynamically enable window occlusion 1
console.error: (new TypeError("NetworkError when attempting to fetch resource.", ""))
console.error: (new Error("OHTTP was configured for https://ads.mozilla.org/v1/delete_user but we couldn't fetch a valid config", "moz-src:///browser/modules/ContextId.sys.mjs", 234))
console.error: "Failed to fetch https://spocs.getpocket.com/user:" "NetworkError when attempting to fetch resource."
console.warn: TopSitesFeed: Failed to fetch data from MARS server: NetworkError when attempting to fetch resource.
JavaScript error: resource://gre/modules/ObliviousHTTP.sys.mjs, line 117: NS_ERROR_XPC_CANT_CONVERT_PRIMITIVE_TO_ARRAY: Cannot convert primitive JavaScript value into an array arg 2 [nsIObliviousHttpService.newChannel]
[GFX1-]: VideoBridgeParent receives IPC close with reason=AbnormalShutdown
